==================================================
 Bắt đầu Script: Mon Apr 21 06:29:03 PM +07 2025
==================================================
*** BẮT ĐẦU QUÁ TRÌNH TẠO ENUM TYPES ***
Bước 1: Tạo ENUMs cho ministry_of_public_security...
You are now connected to database "ministry_of_public_security" as user "postgres".
psql:/home/duyhung/Desktop/DATN/citizen-management-system_v4/database/01_common/02_enum.sql:57: NOTICE:     -> Định nghĩa hàm tạo ENUMs chung cho BCA...
psql:/home/duyhung/Desktop/DATN/citizen-management-system_v4/database/01_common/02_enum.sql:57: NOTICE:        -> Tạo ENUMs chung...
psql:/home/duyhung/Desktop/DATN/citizen-management-system_v4/database/01_common/02_enum.sql:57: NOTICE:     -> Tạo ENUMs đặc thù của Bộ Công an...
DO
-> Hoàn thành tạo ENUMs cho ministry_of_public_security.
Bước 2: Tạo ENUMs cho ministry_of_justice...
You are now connected to database "ministry_of_justice" as user "postgres".
psql:/home/duyhung/Desktop/DATN/citizen-management-system_v4/database/01_common/02_enum.sql:110: NOTICE:     -> Định nghĩa hàm tạo ENUMs chung cho BTP...
psql:/home/duyhung/Desktop/DATN/citizen-management-system_v4/database/01_common/02_enum.sql:110: NOTICE:        -> Tạo ENUMs chung...
psql:/home/duyhung/Desktop/DATN/citizen-management-system_v4/database/01_common/02_enum.sql:110: NOTICE:     -> Tạo ENUMs đặc thù của Bộ Tư pháp...
DO
-> Hoàn thành tạo ENUMs cho ministry_of_justice.
Bước 3: Tạo ENUMs cho national_citizen_central_server...
You are now connected to database "national_citizen_central_server" as user "postgres".
psql:/home/duyhung/Desktop/DATN/citizen-management-system_v4/database/01_common/02_enum.sql:157: NOTICE:     -> Định nghĩa hàm tạo ENUMs chung cho TT...
psql:/home/duyhung/Desktop/DATN/citizen-management-system_v4/database/01_common/02_enum.sql:157: NOTICE:        -> Tạo ENUMs chung...
psql:/home/duyhung/Desktop/DATN/citizen-management-system_v4/database/01_common/02_enum.sql:157: NOTICE:     -> Tạo ENUMs cần thiết cho dữ liệu tích hợp (tái định nghĩa nếu cần)...
psql:/home/duyhung/Desktop/DATN/citizen-management-system_v4/database/01_common/02_enum.sql:157: NOTICE:     -> Tạo ENUMs đặc thù của Máy chủ trung tâm...
DO
-> Hoàn thành tạo ENUMs cho national_citizen_central_server.
*** HOÀN THÀNH QUÁ TRÌNH TẠO ENUM TYPES ***
-> Đã tạo các ENUMs chung và đặc thù cho 3 database.
-> Bước tiếp theo: Chạy 01_common/03_reference_tables.sql để tạo cấu trúc bảng tham chiếu.
[SUCCESS] (BCA) /home/duyhung/Desktop/DATN/citizen-management-system_v4/database/01_common/02_enum.sql
*** BẮT ĐẦU TẠO CẤU TRÚC BẢNG THAM CHIẾU (REFERENCE TABLES) ***
Lưu ý: Script này sẽ chạy trên cả 3 database.
--> 1. Tạo bảng reference.regions...
You are now connected to database "ministry_of_public_security" as user "postgres".
psql:/home/duyhung/Desktop/DATN/citizen-management-system_v4/database/01_common/03_reference_tables.sql:40: NOTICE:  extension "pg_trgm" already exists, skipping
CREATE EXTENSION
psql:/home/duyhung/Desktop/DATN/citizen-management-system_v4/database/01_common/03_reference_tables.sql:41: NOTICE:  drop cascades to constraint provinces_region_id_fkey on table provinces
DROP TABLE
CREATE TABLE
COMMENT
COMMENT
COMMENT
COMMENT
CREATE INDEX
    - Đã tạo reference.regions trên ministry_of_public_security.
You are now connected to database "ministry_of_justice" as user "postgres".
psql:/home/duyhung/Desktop/DATN/citizen-management-system_v4/database/01_common/03_reference_tables.sql:59: NOTICE:  extension "pg_trgm" already exists, skipping
CREATE EXTENSION
psql:/home/duyhung/Desktop/DATN/citizen-management-system_v4/database/01_common/03_reference_tables.sql:60: NOTICE:  drop cascades to constraint provinces_region_id_fkey on table provinces
DROP TABLE
CREATE TABLE
COMMENT
CREATE INDEX
    - Đã tạo reference.regions trên ministry_of_justice.
You are now connected to database "national_citizen_central_server" as user "postgres".
CREATE EXTENSION
psql:/home/duyhung/Desktop/DATN/citizen-management-system_v4/database/01_common/03_reference_tables.sql:76: NOTICE:  drop cascades to constraint provinces_region_id_fkey on table provinces
DROP TABLE
CREATE TABLE
COMMENT
CREATE INDEX
    - Đã tạo reference.regions trên national_citizen_central_server.
--> 2. Tạo bảng reference.provinces...
You are now connected to database "ministry_of_public_security" as user "postgres".
psql:/home/duyhung/Desktop/DATN/citizen-management-system_v4/database/01_common/03_reference_tables.sql:96: NOTICE:  extension "pg_trgm" already exists, skipping
CREATE EXTENSION
DROP TABLE
CREATE TABLE
COMMENT
COMMENT
COMMENT
COMMENT
COMMENT
COMMENT
CREATE INDEX
CREATE INDEX
CREATE INDEX
    - Đã tạo reference.provinces trên ministry_of_public_security.
You are now connected to database "ministry_of_justice" as user "postgres".
psql:/home/duyhung/Desktop/DATN/citizen-management-system_v4/database/01_common/03_reference_tables.sql:120: NOTICE:  extension "pg_trgm" already exists, skipping
CREATE EXTENSION
DROP TABLE
CREATE TABLE
COMMENT
CREATE INDEX
CREATE INDEX
CREATE INDEX
    - Đã tạo reference.provinces trên ministry_of_justice.
You are now connected to database "national_citizen_central_server" as user "postgres".
psql:/home/duyhung/Desktop/DATN/citizen-management-system_v4/database/01_common/03_reference_tables.sql:136: NOTICE:  extension "pg_trgm" already exists, skipping
CREATE EXTENSION
DROP TABLE
CREATE TABLE
COMMENT
CREATE INDEX
CREATE INDEX
CREATE INDEX
    - Đã tạo reference.provinces trên national_citizen_central_server.
--> 3. Tạo bảng reference.districts...
You are now connected to database "ministry_of_public_security" as user "postgres".
psql:/home/duyhung/Desktop/DATN/citizen-management-system_v4/database/01_common/03_reference_tables.sql:158: NOTICE:  extension "pg_trgm" already exists, skipping
CREATE EXTENSION
psql:/home/duyhung/Desktop/DATN/citizen-management-system_v4/database/01_common/03_reference_tables.sql:159: NOTICE:  table "districts" does not exist, skipping
DROP TABLE
CREATE TABLE
COMMENT
COMMENT
COMMENT
COMMENT
COMMENT
COMMENT
CREATE INDEX
CREATE INDEX
CREATE INDEX
    - Đã tạo reference.districts trên ministry_of_public_security.
You are now connected to database "ministry_of_justice" as user "postgres".
psql:/home/duyhung/Desktop/DATN/citizen-management-system_v4/database/01_common/03_reference_tables.sql:182: NOTICE:  extension "pg_trgm" already exists, skipping
CREATE EXTENSION
psql:/home/duyhung/Desktop/DATN/citizen-management-system_v4/database/01_common/03_reference_tables.sql:183: NOTICE:  table "districts" does not exist, skipping
DROP TABLE
CREATE TABLE
COMMENT
CREATE INDEX
CREATE INDEX
CREATE INDEX
    - Đã tạo reference.districts trên ministry_of_justice.
You are now connected to database "national_citizen_central_server" as user "postgres".
psql:/home/duyhung/Desktop/DATN/citizen-management-system_v4/database/01_common/03_reference_tables.sql:198: NOTICE:  extension "pg_trgm" already exists, skipping
CREATE EXTENSION
psql:/home/duyhung/Desktop/DATN/citizen-management-system_v4/database/01_common/03_reference_tables.sql:199: NOTICE:  table "districts" does not exist, skipping
DROP TABLE
CREATE TABLE
COMMENT
CREATE INDEX
CREATE INDEX
CREATE INDEX
    - Đã tạo reference.districts trên national_citizen_central_server.
--> 4. Tạo bảng reference.wards...
You are now connected to database "ministry_of_public_security" as user "postgres".
psql:/home/duyhung/Desktop/DATN/citizen-management-system_v4/database/01_common/03_reference_tables.sql:220: NOTICE:  extension "pg_trgm" already exists, skipping
CREATE EXTENSION
psql:/home/duyhung/Desktop/DATN/citizen-management-system_v4/database/01_common/03_reference_tables.sql:221: NOTICE:  table "wards" does not exist, skipping
DROP TABLE
CREATE TABLE
COMMENT
COMMENT
COMMENT
COMMENT
COMMENT
COMMENT
CREATE INDEX
CREATE INDEX
CREATE INDEX
    - Đã tạo reference.wards trên ministry_of_public_security.
You are now connected to database "ministry_of_justice" as user "postgres".
psql:/home/duyhung/Desktop/DATN/citizen-management-system_v4/database/01_common/03_reference_tables.sql:244: NOTICE:  extension "pg_trgm" already exists, skipping
CREATE EXTENSION
psql:/home/duyhung/Desktop/DATN/citizen-management-system_v4/database/01_common/03_reference_tables.sql:245: NOTICE:  table "wards" does not exist, skipping
DROP TABLE
CREATE TABLE
COMMENT
CREATE INDEX
CREATE INDEX
CREATE INDEX
    - Đã tạo reference.wards trên ministry_of_justice.
You are now connected to database "national_citizen_central_server" as user "postgres".
psql:/home/duyhung/Desktop/DATN/citizen-management-system_v4/database/01_common/03_reference_tables.sql:260: NOTICE:  extension "pg_trgm" already exists, skipping
CREATE EXTENSION
psql:/home/duyhung/Desktop/DATN/citizen-management-system_v4/database/01_common/03_reference_tables.sql:261: NOTICE:  table "wards" does not exist, skipping
DROP TABLE
CREATE TABLE
COMMENT
CREATE INDEX
CREATE INDEX
CREATE INDEX
    - Đã tạo reference.wards trên national_citizen_central_server.
--> 5. Tạo bảng reference.ethnicities...
You are now connected to database "ministry_of_public_security" as user "postgres".
psql:/home/duyhung/Desktop/DATN/citizen-management-system_v4/database/01_common/03_reference_tables.sql:282: NOTICE:  extension "pg_trgm" already exists, skipping
CREATE EXTENSION
psql:/home/duyhung/Desktop/DATN/citizen-management-system_v4/database/01_common/03_reference_tables.sql:283: NOTICE:  table "ethnicities" does not exist, skipping
DROP TABLE
CREATE TABLE
COMMENT
CREATE INDEX
CREATE INDEX
    - Đã tạo reference.ethnicities trên ministry_of_public_security.
You are now connected to database "ministry_of_justice" as user "postgres".
psql:/home/duyhung/Desktop/DATN/citizen-management-system_v4/database/01_common/03_reference_tables.sql:299: NOTICE:  extension "pg_trgm" already exists, skipping
CREATE EXTENSION
psql:/home/duyhung/Desktop/DATN/citizen-management-system_v4/database/01_common/03_reference_tables.sql:300: NOTICE:  table "ethnicities" does not exist, skipping
DROP TABLE
CREATE TABLE
COMMENT
CREATE INDEX
CREATE INDEX
    - Đã tạo reference.ethnicities trên ministry_of_justice.
You are now connected to database "national_citizen_central_server" as user "postgres".
psql:/home/duyhung/Desktop/DATN/citizen-management-system_v4/database/01_common/03_reference_tables.sql:313: NOTICE:  extension "pg_trgm" already exists, skipping
CREATE EXTENSION
psql:/home/duyhung/Desktop/DATN/citizen-management-system_v4/database/01_common/03_reference_tables.sql:314: NOTICE:  table "ethnicities" does not exist, skipping
DROP TABLE
CREATE TABLE
COMMENT
CREATE INDEX
CREATE INDEX
    - Đã tạo reference.ethnicities trên national_citizen_central_server.
--> 6. Tạo bảng reference.religions...
You are now connected to database "ministry_of_public_security" as user "postgres".
psql:/home/duyhung/Desktop/DATN/citizen-management-system_v4/database/01_common/03_reference_tables.sql:333: NOTICE:  extension "pg_trgm" already exists, skipping
CREATE EXTENSION
psql:/home/duyhung/Desktop/DATN/citizen-management-system_v4/database/01_common/03_reference_tables.sql:334: NOTICE:  table "religions" does not exist, skipping
DROP TABLE
CREATE TABLE
COMMENT
CREATE INDEX
CREATE INDEX
    - Đã tạo reference.religions trên ministry_of_public_security.
You are now connected to database "ministry_of_justice" as user "postgres".
psql:/home/duyhung/Desktop/DATN/citizen-management-system_v4/database/01_common/03_reference_tables.sql:350: NOTICE:  extension "pg_trgm" already exists, skipping
CREATE EXTENSION
psql:/home/duyhung/Desktop/DATN/citizen-management-system_v4/database/01_common/03_reference_tables.sql:351: NOTICE:  table "religions" does not exist, skipping
DROP TABLE
CREATE TABLE
COMMENT
CREATE INDEX
CREATE INDEX
    - Đã tạo reference.religions trên ministry_of_justice.
You are now connected to database "national_citizen_central_server" as user "postgres".
psql:/home/duyhung/Desktop/DATN/citizen-management-system_v4/database/01_common/03_reference_tables.sql:364: NOTICE:  extension "pg_trgm" already exists, skipping
CREATE EXTENSION
psql:/home/duyhung/Desktop/DATN/citizen-management-system_v4/database/01_common/03_reference_tables.sql:365: NOTICE:  table "religions" does not exist, skipping
DROP TABLE
CREATE TABLE
COMMENT
CREATE INDEX
CREATE INDEX
    - Đã tạo reference.religions trên national_citizen_central_server.
--> 7. Tạo bảng reference.nationalities...
You are now connected to database "ministry_of_public_security" as user "postgres".
psql:/home/duyhung/Desktop/DATN/citizen-management-system_v4/database/01_common/03_reference_tables.sql:384: NOTICE:  extension "pg_trgm" already exists, skipping
CREATE EXTENSION
psql:/home/duyhung/Desktop/DATN/citizen-management-system_v4/database/01_common/03_reference_tables.sql:385: NOTICE:  table "nationalities" does not exist, skipping
DROP TABLE
CREATE TABLE
COMMENT
COMMENT
COMMENT
COMMENT
COMMENT
COMMENT
CREATE INDEX
CREATE INDEX
CREATE INDEX
CREATE INDEX
    - Đã tạo reference.nationalities trên ministry_of_public_security.
You are now connected to database "ministry_of_justice" as user "postgres".
psql:/home/duyhung/Desktop/DATN/citizen-management-system_v4/database/01_common/03_reference_tables.sql:407: NOTICE:  extension "pg_trgm" already exists, skipping
CREATE EXTENSION
psql:/home/duyhung/Desktop/DATN/citizen-management-system_v4/database/01_common/03_reference_tables.sql:408: NOTICE:  table "nationalities" does not exist, skipping
DROP TABLE
CREATE TABLE
COMMENT
CREATE INDEX
CREATE INDEX
CREATE INDEX
CREATE INDEX
    - Đã tạo reference.nationalities trên ministry_of_justice.
You are now connected to database "national_citizen_central_server" as user "postgres".
psql:/home/duyhung/Desktop/DATN/citizen-management-system_v4/database/01_common/03_reference_tables.sql:423: NOTICE:  extension "pg_trgm" already exists, skipping
CREATE EXTENSION
psql:/home/duyhung/Desktop/DATN/citizen-management-system_v4/database/01_common/03_reference_tables.sql:424: NOTICE:  table "nationalities" does not exist, skipping
DROP TABLE
CREATE TABLE
COMMENT
CREATE INDEX
CREATE INDEX
CREATE INDEX
CREATE INDEX
    - Đã tạo reference.nationalities trên national_citizen_central_server.
--> 8. Tạo bảng reference.occupations...
You are now connected to database "ministry_of_public_security" as user "postgres".
psql:/home/duyhung/Desktop/DATN/citizen-management-system_v4/database/01_common/03_reference_tables.sql:445: NOTICE:  extension "pg_trgm" already exists, skipping
CREATE EXTENSION
psql:/home/duyhung/Desktop/DATN/citizen-management-system_v4/database/01_common/03_reference_tables.sql:446: NOTICE:  table "occupations" does not exist, skipping
DROP TABLE
CREATE TABLE
COMMENT
COMMENT
COMMENT
COMMENT
CREATE INDEX
CREATE INDEX
CREATE INDEX
    - Đã tạo reference.occupations trên ministry_of_public_security.
You are now connected to database "ministry_of_justice" as user "postgres".
psql:/home/duyhung/Desktop/DATN/citizen-management-system_v4/database/01_common/03_reference_tables.sql:466: NOTICE:  extension "pg_trgm" already exists, skipping
CREATE EXTENSION
psql:/home/duyhung/Desktop/DATN/citizen-management-system_v4/database/01_common/03_reference_tables.sql:467: NOTICE:  table "occupations" does not exist, skipping
DROP TABLE
CREATE TABLE
COMMENT
CREATE INDEX
CREATE INDEX
CREATE INDEX
    - Đã tạo reference.occupations trên ministry_of_justice.
You are now connected to database "national_citizen_central_server" as user "postgres".
psql:/home/duyhung/Desktop/DATN/citizen-management-system_v4/database/01_common/03_reference_tables.sql:481: NOTICE:  extension "pg_trgm" already exists, skipping
CREATE EXTENSION
psql:/home/duyhung/Desktop/DATN/citizen-management-system_v4/database/01_common/03_reference_tables.sql:482: NOTICE:  table "occupations" does not exist, skipping
DROP TABLE
CREATE TABLE
COMMENT
CREATE INDEX
CREATE INDEX
CREATE INDEX
    - Đã tạo reference.occupations trên national_citizen_central_server.
--> 9. Tạo bảng reference.authorities...
You are now connected to database "ministry_of_public_security" as user "postgres".
psql:/home/duyhung/Desktop/DATN/citizen-management-system_v4/database/01_common/03_reference_tables.sql:502: NOTICE:  extension "pg_trgm" already exists, skipping
CREATE EXTENSION
psql:/home/duyhung/Desktop/DATN/citizen-management-system_v4/database/01_common/03_reference_tables.sql:503: NOTICE:  table "authorities" does not exist, skipping
DROP TABLE
CREATE TABLE
COMMENT
COMMENT
COMMENT
COMMENT
COMMENT
CREATE INDEX
CREATE INDEX
CREATE INDEX
CREATE INDEX
CREATE INDEX
CREATE INDEX
CREATE INDEX
    - Đã tạo reference.authorities trên ministry_of_public_security.
You are now connected to database "ministry_of_justice" as user "postgres".
psql:/home/duyhung/Desktop/DATN/citizen-management-system_v4/database/01_common/03_reference_tables.sql:528: NOTICE:  extension "pg_trgm" already exists, skipping
CREATE EXTENSION
psql:/home/duyhung/Desktop/DATN/citizen-management-system_v4/database/01_common/03_reference_tables.sql:529: NOTICE:  table "authorities" does not exist, skipping
DROP TABLE
CREATE TABLE
COMMENT
CREATE INDEX
CREATE INDEX
CREATE INDEX
CREATE INDEX
CREATE INDEX
CREATE INDEX
CREATE INDEX
    - Đã tạo reference.authorities trên ministry_of_justice.
You are now connected to database "national_citizen_central_server" as user "postgres".
psql:/home/duyhung/Desktop/DATN/citizen-management-system_v4/database/01_common/03_reference_tables.sql:548: NOTICE:  extension "pg_trgm" already exists, skipping
CREATE EXTENSION
psql:/home/duyhung/Desktop/DATN/citizen-management-system_v4/database/01_common/03_reference_tables.sql:549: NOTICE:  table "authorities" does not exist, skipping
DROP TABLE
CREATE TABLE
COMMENT
CREATE INDEX
CREATE INDEX
CREATE INDEX
CREATE INDEX
CREATE INDEX
CREATE INDEX
CREATE INDEX
    - Đã tạo reference.authorities trên national_citizen_central_server.
--> 10. Tạo bảng reference.relationship_types...
You are now connected to database "ministry_of_public_security" as user "postgres".
psql:/home/duyhung/Desktop/DATN/citizen-management-system_v4/database/01_common/03_reference_tables.sql:574: NOTICE:  extension "pg_trgm" already exists, skipping
CREATE EXTENSION
psql:/home/duyhung/Desktop/DATN/citizen-management-system_v4/database/01_common/03_reference_tables.sql:575: NOTICE:  table "relationship_types" does not exist, skipping
DROP TABLE
CREATE TABLE
COMMENT
COMMENT
CREATE INDEX
ALTER TABLE
    - Đã tạo reference.relationship_types trên ministry_of_public_security.
You are now connected to database "ministry_of_justice" as user "postgres".
psql:/home/duyhung/Desktop/DATN/citizen-management-system_v4/database/01_common/03_reference_tables.sql:593: NOTICE:  extension "pg_trgm" already exists, skipping
CREATE EXTENSION
psql:/home/duyhung/Desktop/DATN/citizen-management-system_v4/database/01_common/03_reference_tables.sql:594: NOTICE:  table "relationship_types" does not exist, skipping
DROP TABLE
CREATE TABLE
COMMENT
CREATE INDEX
ALTER TABLE
    - Đã tạo reference.relationship_types trên ministry_of_justice.
You are now connected to database "national_citizen_central_server" as user "postgres".
psql:/home/duyhung/Desktop/DATN/citizen-management-system_v4/database/01_common/03_reference_tables.sql:609: NOTICE:  extension "pg_trgm" already exists, skipping
CREATE EXTENSION
psql:/home/duyhung/Desktop/DATN/citizen-management-system_v4/database/01_common/03_reference_tables.sql:610: NOTICE:  table "relationship_types" does not exist, skipping
DROP TABLE
CREATE TABLE
COMMENT
CREATE INDEX
ALTER TABLE
    - Đã tạo reference.relationship_types trên national_citizen_central_server.
--> 11. Tạo bảng reference.prison_facilities...
You are now connected to database "ministry_of_public_security" as user "postgres".
psql:/home/duyhung/Desktop/DATN/citizen-management-system_v4/database/01_common/03_reference_tables.sql:631: NOTICE:  extension "pg_trgm" already exists, skipping
CREATE EXTENSION
psql:/home/duyhung/Desktop/DATN/citizen-management-system_v4/database/01_common/03_reference_tables.sql:632: NOTICE:  table "prison_facilities" does not exist, skipping
DROP TABLE
CREATE TABLE
COMMENT
COMMENT
COMMENT
COMMENT
CREATE INDEX
CREATE INDEX
CREATE INDEX
CREATE INDEX
    - Đã tạo reference.prison_facilities trên ministry_of_public_security.
You are now connected to database "ministry_of_justice" as user "postgres".
psql:/home/duyhung/Desktop/DATN/citizen-management-system_v4/database/01_common/03_reference_tables.sql:653: NOTICE:  extension "pg_trgm" already exists, skipping
CREATE EXTENSION
psql:/home/duyhung/Desktop/DATN/citizen-management-system_v4/database/01_common/03_reference_tables.sql:654: NOTICE:  table "prison_facilities" does not exist, skipping
DROP TABLE
CREATE TABLE
COMMENT
CREATE INDEX
CREATE INDEX
CREATE INDEX
CREATE INDEX
    - Đã tạo reference.prison_facilities trên ministry_of_justice.
You are now connected to database "national_citizen_central_server" as user "postgres".
psql:/home/duyhung/Desktop/DATN/citizen-management-system_v4/database/01_common/03_reference_tables.sql:670: NOTICE:  extension "pg_trgm" already exists, skipping
CREATE EXTENSION
psql:/home/duyhung/Desktop/DATN/citizen-management-system_v4/database/01_common/03_reference_tables.sql:671: NOTICE:  table "prison_facilities" does not exist, skipping
DROP TABLE
CREATE TABLE
COMMENT
CREATE INDEX
CREATE INDEX
CREATE INDEX
CREATE INDEX
    - Đã tạo reference.prison_facilities trên national_citizen_central_server.
*** HOÀN THÀNH TẠO CẤU TRÚC BẢNG THAM CHIẾU ***
-> Đã tạo cấu trúc các bảng trong schema "reference" trên cả 3 database.
-> Bước tiếp theo: Nạp dữ liệu vào các bảng tham chiếu này (thư mục 01_common/reference_data/).
[SUCCESS] (BCA) /home/duyhung/Desktop/DATN/citizen-management-system_v4/database/01_common/03_reference_tables.sql
INSERT 0 3
INSERT 0 5
INSERT 0 12
INSERT 0 24
INSERT 0 5
INSERT 0 5
INSERT 0 5
INSERT 0 5
[SUCCESS] (BCA) /tmp/bca_sample_reference_data_14500.sql
--> Tạo các bảng trong schema partitioning cho ministry_of_public_security...
You are now connected to database "ministry_of_public_security" as user "postgres".
BEGIN
psql:/home/duyhung/Desktop/DATN/citizen-management-system_v4/database/ministry_of_public_security/schemas/partitioning.sql:18: NOTICE:  schema "partitioning" already exists, skipping
CREATE SCHEMA
COMMENT
    -> Tạo bảng partitioning.config...
psql:/home/duyhung/Desktop/DATN/citizen-management-system_v4/database/ministry_of_public_security/schemas/partitioning.sql:23: NOTICE:  table "config" does not exist, skipping
DROP TABLE
CREATE TABLE
COMMENT
COMMENT
COMMENT
COMMENT
COMMENT
COMMENT
COMMENT
COMMENT
COMMENT
COMMENT
    -> Tạo bảng partitioning.history...
psql:/home/duyhung/Desktop/DATN/citizen-management-system_v4/database/ministry_of_public_security/schemas/partitioning.sql:56: NOTICE:  table "history" does not exist, skipping
DROP TABLE
CREATE TABLE
COMMENT
COMMENT
COMMENT
COMMENT
COMMENT
CREATE INDEX
CREATE INDEX
CREATE INDEX
CREATE INDEX
COMMIT
-> Hoàn thành tạo các bảng trong schema partitioning cho ministry_of_public_security.
[SUCCESS] (BCA) /home/duyhung/Desktop/DATN/citizen-management-system_v4/database/ministry_of_public_security/schemas/partitioning.sql
--> Tạo bảng audit.audit_log cho ministry_of_public_security...
You are now connected to database "ministry_of_public_security" as user "postgres".
BEGIN
psql:/home/duyhung/Desktop/DATN/citizen-management-system_v4/database/ministry_of_public_security/schemas/audit.sql:21: NOTICE:  schema "audit" already exists, skipping
CREATE SCHEMA
COMMENT
psql:/home/duyhung/Desktop/DATN/citizen-management-system_v4/database/ministry_of_public_security/schemas/audit.sql:25: NOTICE:  table "audit_log" does not exist, skipping
DROP TABLE
CREATE TABLE
COMMENT
COMMENT
COMMENT
COMMENT
COMMENT
COMMENT
COMMENT
COMMENT
COMMENT
COMMENT
COMMENT
COMMENT
COMMENT
COMMENT
CREATE INDEX
CREATE INDEX
CREATE INDEX
CREATE INDEX
CREATE INDEX
CREATE INDEX
CREATE INDEX
CREATE INDEX
COMMIT
-> Hoàn thành tạo bảng audit.audit_log cho ministry_of_public_security.
[SUCCESS] (BCA) /home/duyhung/Desktop/DATN/citizen-management-system_v4/database/ministry_of_public_security/schemas/audit.sql
--> Tạo bảng public_security.address...
You are now connected to database "ministry_of_public_security" as user "postgres".
BEGIN
psql:/home/duyhung/Desktop/DATN/citizen-management-system_v4/database/ministry_of_public_security/schemas/public_security/address.sql:15: NOTICE:  table "address" does not exist, skipping
DROP TABLE
CREATE TABLE
COMMENT
COMMENT
COMMENT
COMMENT
COMMENT
COMMENT
COMMENT
COMMENT
COMMENT
COMMENT
psql:/home/duyhung/Desktop/DATN/citizen-management-system_v4/database/ministry_of_public_security/schemas/public_security/address.sql:78: ERROR:  column "pk_address" of relation "public_security.address" does not exist
[FAILED] (BCA) /home/duyhung/Desktop/DATN/citizen-management-system_v4/database/ministry_of_public_security/schemas/public_security/address.sql (Exit status: 3)
==================================================
 Script thất bại: Mon Apr 21 06:29:04 PM +07 2025
==================================================
